0 info it worked if it ends with ok
1 verbose cli [ '/usr/local/bin/node',
1 verbose cli   '/usr/local/bin/npm',
1 verbose cli   'run',
1 verbose cli   'babel-node',
1 verbose cli   'src/index.js' ]
2 info using npm@4.1.2
3 info using node@v7.7.2
4 verbose run-script [ 'prebabel-node', 'babel-node', 'postbabel-node' ]
5 info lifecycle null@2.3.3~prebabel-node: null@2.3.3
6 silly lifecycle null@2.3.3~prebabel-node: no script for prebabel-node, continuing
7 info lifecycle null@2.3.3~babel-node: null@2.3.3
8 verbose lifecycle null@2.3.3~babel-node: unsafe-perm in lifecycle true
9 verbose lifecycle null@2.3.3~babel-node: PATH: /usr/local/lib/node_modules/npm/bin/node-gyp-bin:/Users/vai/fun/mini-dev/node/lib-ts/node_modules/.bin:/Users/vai/fun/mini-dev/node/lib-ts/node_modules/.bin:/Users/vai/.config/yarn/link/node_modules/.bin:/Users/vai/fun/mini-dev/node/lib-ts/node_modules/.bin:/Users/vai/.config/yarn/link/node_modules/.bin:/usr/local/lib/node_modules/yarn/bin/node-gyp-bin:/Users/vai/.yarn/bin:/Users/vai/Library/Android/sdk/platform-tools:/Users/vai/Library/Android/sdk/tools:/Users/vai/bin:/usr/local/bin:/Library/Frameworks/Python.framework/Versions/3.5/bin:/usr/local/bin:/usr/bin:/bin:/usr/sbin:/sbin:/opt/X11/bin:/usr/local/share/dotnet:/usr/local/git/bin:/Applications/Wireshark.app/Contents/MacOS:/Users/vai/.yarn/bin:/Users/vai/Library/Android/sdk/platform-tools:/Users/vai/Library/Android/sdk/tools:/Users/vai/bin:/Library/Frameworks/Python.framework/Versions/3.5/bin:/Users/vai/.rvm/bin:/Users/vai/.rvm/bin
10 verbose lifecycle null@2.3.3~babel-node: CWD: /Users/vai/fun/mini-dev/node/lib-ts
11 silly lifecycle null@2.3.3~babel-node: Args: [ '-c', 'babel-node "src/index.js"' ]
12 silly lifecycle null@2.3.3~babel-node: Returned: code: 1  signal: null
13 info lifecycle null@2.3.3~babel-node: Failed to exec babel-node script
14 verbose stack Error: null@2.3.3 babel-node: `babel-node "src/index.js"`
14 verbose stack Exit status 1
14 verbose stack     at EventEmitter.<anonymous> (/usr/local/lib/node_modules/npm/lib/utils/lifecycle.js:279:16)
14 verbose stack     at emitTwo (events.js:106:13)
14 verbose stack     at EventEmitter.emit (events.js:194:7)
14 verbose stack     at ChildProcess.<anonymous> (/usr/local/lib/node_modules/npm/lib/utils/spawn.js:40:14)
14 verbose stack     at emitTwo (events.js:106:13)
14 verbose stack     at ChildProcess.emit (events.js:194:7)
14 verbose stack     at maybeClose (internal/child_process.js:899:16)
14 verbose stack     at Process.ChildProcess._handle.onexit (internal/child_process.js:226:5)
15 verbose pkgid null@2.3.3
16 verbose cwd /Users/vai/fun/mini-dev/node/lib-ts
17 error Darwin 15.6.0
18 error argv "/usr/local/bin/node" "/usr/local/bin/npm" "run" "babel-node" "src/index.js"
19 error node v7.7.2
20 error npm  v4.1.2
21 error code ELIFECYCLE
22 error null@2.3.3 babel-node: `babel-node "src/index.js"`
22 error Exit status 1
23 error Failed at the null@2.3.3 babel-node script 'babel-node "src/index.js"'.
23 error Make sure you have the latest version of node.js and npm installed.
23 error If you do, this is most likely a problem with the null package,
23 error not with npm itself.
23 error Tell the author that this fails on your system:
23 error     babel-node "src/index.js"
23 error You can get information on how to open an issue for this project with:
23 error     npm bugs null
23 error Or if that isn't available, you can get their info via:
23 error     npm owner ls null
23 error There is likely additional logging output above.
24 verbose exit [ 1, true ]
